2019/09/14 === [main] == INFO  == com.agan.boot.Application == Starting Application on bodeMacBook-Pro.local with PID 7547 (/Volumes/data/bo/git-boot/agan-boot/agan-boot-log/target/classes started by bo in /Volumes/data/bo/git-boot/agan-boot)
2019/09/14 === [main] == DEBUG == com.agan.boot.Application == Running with Spring Boot v2.1.8.RELEASE, Spring v5.1.9.RELEASE
2019/09/14 === [main] == INFO  == com.agan.boot.Application == No active profile set, falling back to default profiles: default
2019/09/14 === [main] == INFO  == o.s.boot.web.embedded.tomcat.TomcatWebServer == Tomcat initialized with port(s): 9090 (http)
2019/09/14 === [main] == INFO  == org.apache.catalina.core.StandardService == Starting service [Tomcat]
2019/09/14 === [main] == INFO  == org.apache.catalina.core.StandardEngine == Starting Servlet engine: [Apache Tomcat/9.0.24]
2019/09/14 === [main] == INFO  == o.a.c.core.ContainerBase.[Tomcat].[localhost].[/] == Initializing Spring embedded WebApplicationContext
2019/09/14 === [main] == INFO  == org.springframework.web.context.ContextLoader == Root WebApplicationContext: initialization completed in 1310 ms
2019/09/14 === [main] == INFO  == o.s.scheduling.concurrent.ThreadPoolTaskExecutor == Initializing ExecutorService 'applicationTaskExecutor'
2019/09/14 === [main] == INFO  == o.s.boot.web.embedded.tomcat.TomcatWebServer == Tomcat started on port(s): 9090 (http) with context path ''
2019/09/14 === [main] == INFO  == com.agan.boot.Application == Started Application in 2.493 seconds (JVM running for 3.287)
2019/09/14 === [http-nio-9090-exec-1] == INFO  == o.a.c.core.ContainerBase.[Tomcat].[localhost].[/] == Initializing Spring DispatcherServlet 'dispatcherServlet'
2019/09/14 === [http-nio-9090-exec-1] == INFO  == org.springframework.web.servlet.DispatcherServlet == Initializing Servlet 'dispatcherServlet'
2019/09/14 === [http-nio-9090-exec-1] == INFO  == org.springframework.web.servlet.DispatcherServlet == Completed initialization in 5 ms
2019/09/14 === [http-nio-9090-exec-1] == TRACE == com.agan.boot.controller.HelloController == ------------trace-----------
2019/09/14 === [http-nio-9090-exec-1] == DEBUG == com.agan.boot.controller.HelloController == ------------debug-----------
2019/09/14 === [http-nio-9090-exec-1] == INFO  == com.agan.boot.controller.HelloController == ------------info-----------
2019/09/14 === [http-nio-9090-exec-1] == WARN  == com.agan.boot.controller.HelloController == ------------warn-----------
2019/09/14 === [http-nio-9090-exec-1] == ERROR == com.agan.boot.controller.HelloController == ------------error-----------
2019/09/14 === [Thread-8] == INFO  == o.s.scheduling.concurrent.ThreadPoolTaskExecutor == Shutting down ExecutorService 'applicationTaskExecutor'
